2026-05-25 12:43:19,755 - ERROR -liste_vehicules.py:17 - Une erreur est survenue:
[Errno 2] No such file or directory: 'db.json'
2026-05-25 12:43:19,755 - ERROR -liste_vehicules.py:59 - Une erreur est survenue:
[Errno 2] No such file or directory: 'transactions.json'
2026-05-25 12:43:57,085 - ERROR -liste_vehicules.py:17 - Une erreur est survenue:
[Errno 2] No such file or directory: 'db.json'
2026-05-25 12:43:57,085 - ERROR -liste_vehicules.py:59 - Une erreur est survenue:
[Errno 2] No such file or directory: 'transactions.json'
2026-05-25 12:44:49,090 - ERROR -liste_vehicules.py:17 - Une erreur est survenue:
[Errno 2] No such file or directory: 'db.json'
2026-05-25 12:44:49,090 - ERROR -liste_vehicules.py:59 - Une erreur est survenue:
[Errno 2] No such file or directory: 'transactions.json'
2026-05-25 12:46:22,604 - ERROR - Une erreur est survenue:
[Errno 2] No such file or directory: 'db.json'
2026-05-25 12:46:22,604 - ERROR - Une erreur est survenue:
[Errno 2] No such file or directory: 'transactions.json'
2026-05-25 12:46:34,997 - ERROR -liste_vehicules.py:17 - Une erreur est survenue:
[Errno 2] No such file or directory: 'db.json'
2026-05-25 12:46:34,997 - ERROR -liste_vehicules.py:59 - Une erreur est survenue:
[Errno 2] No such file or directory: 'transactions.json'
2026-05-25 12:49:23,958 - ERROR - Une erreur est survenue:
[Errno 2] No such file or directory: 'db.json'
2026-05-25 12:49:23,958 - ERROR - Une erreur est survenue:
[Errno 2] No such file or directory: 'transactions.json'
2026-05-25 12:49:30,882 - ERROR -liste_vehicules.py:17 - Une erreur est survenue:
[Errno 2] No such file or directory: 'db.json'
2026-05-25 12:49:30,882 - ERROR -liste_vehicules.py:59 - Une erreur est survenue:
[Errno 2] No such file or directory: 'transactions.json'
2026-05-25 12:49:52,806 - ERROR -liste_vehicules.py:17 - Une erreur est survenue:
[Errno 2] No such file or directory: 'db.json'
2026-05-25 12:49:52,807 - ERROR -liste_vehicules.py:59 - Une erreur est survenue:
[Errno 2] No such file or directory: 'transactions.json'
2026-05-25 12:55:59,818 - ERROR -liste_vehicules.py:17 - Une erreur est survenue:
[Errno 2] No such file or directory: 'db.json'
2026-05-25 12:55:59,821 - ERROR -liste_vehicules.py:59 - Une erreur est survenue:
[Errno 2] No such file or directory: 'transactions.json'
2026-05-25 12:56:01,078 - INFO -logsmtp.py:54 - API bien connecte
2026-05-25 12:56:01,080 - ERROR -comm.py:15 - Une erreur est survenue:
[Errno 2] No such file or directory: 'db.json'
2026-05-25 12:56:01,080 - INFO -logsconfig.py:45 - Changement d'etat : None ---> IDLE
2026-05-25 12:56:15,357 - INFO -logsconfig.py:26 - Un vehicule a ete detecte a l'entree du stationnement
2026-05-25 12:56:15,358 - ERROR -comm.py:15 - Une erreur est survenue:
[Errno 2] No such file or directory: 'db.json'
2026-05-25 12:56:15,358 - ERROR -comm.py:15 - Une erreur est survenue:
[Errno 2] No such file or directory: 'db.json'
2026-05-25 12:56:15,358 - INFO -logsconfig.py:45 - Changement d'etat : IDLE ---> ATTENTE ENTREE
2026-05-25 12:56:16,359 - ERROR -comm.py:15 - Une erreur est survenue:
[Errno 2] No such file or directory: 'db.json'
2026-05-25 12:56:16,362 - ERROR -comm.py:15 - Une erreur est survenue:
[Errno 2] No such file or directory: 'db.json'
2026-05-25 12:56:16,362 - INFO -logsconfig.py:45 - Changement d'etat : ATTENTE ENTREE ---> PAIEMENT ENTREE
2026-05-25 12:56:53,729 - ERROR -comm.py:15 - Une erreur est survenue:
[Errno 2] No such file or directory: 'db.json'
2026-05-25 12:56:53,729 - ERROR -comm.py:15 - Une erreur est survenue:
[Errno 2] No such file or directory: 'db.json'
2026-05-25 12:56:53,730 - INFO -logsconfig.py:45 - Changement d'etat : PAIEMENT ENTREE ---> ACCES ACCEPTE
2026-05-25 12:56:59,735 - INFO -logsconfig.py:29 - Un vehicule est entre dans le stationnement
2026-05-25 12:56:59,735 - INFO -logsconfig.py:30 - Nb de place restantes : 4 /5
2026-05-25 12:57:01,599 - INFO -logsconfig.py:59 - Un courriel a été envoyé a info.lpleboeuf@gmail.com
2026-05-25 12:57:03,122 - INFO -logsconfig.py:59 - Un courriel a été envoyé a info.lpleboeuf@gmail.com
2026-05-25 12:57:03,122 - INFO -logsconfig.py:45 - Changement d'etat : ACCES ACCEPTE ---> STATIONNEMENT
2026-05-25 12:57:16,945 - INFO -logsconfig.py:26 - Un vehicule a ete detecte a l'entree du stationnement
2026-05-25 12:57:17,044 - INFO -logsconfig.py:45 - Changement d'etat : STATIONNEMENT ---> ATTENTE ENTREE
2026-05-25 12:57:18,298 - INFO -logsconfig.py:45 - Changement d'etat : ATTENTE ENTREE ---> PAIEMENT ENTREE
2026-05-25 12:58:00,678 - INFO -logsconfig.py:45 - Changement d'etat : PAIEMENT ENTREE ---> ACCES ACCEPTE
2026-05-25 12:58:00,696 - ERROR -threading.py:994 - Une erreur est survenue:
'int' object has no attribute 'lower'
2026-05-25 12:58:00,790 - INFO -logsconfig.py:45 - Changement d'etat : ACCES ACCEPTE ---> ERREUR
2026-05-25 12:58:02,233 - INFO -logsconfig.py:45 - Changement d'etat : ERREUR ---> ACCES ACCEPTE
2026-05-25 12:58:02,243 - ERROR -threading.py:994 - Une erreur est survenue:
'int' object has no attribute 'lower'
2026-05-25 12:58:02,380 - INFO -logsconfig.py:45 - Changement d'etat : ACCES ACCEPTE ---> ERREUR
2026-05-25 12:58:08,706 - INFO -logsconfig.py:45 - Changement d'etat : ERREUR ---> ACCES ACCEPTE
2026-05-25 12:58:08,721 - ERROR -threading.py:994 - Une erreur est survenue:
'int' object has no attribute 'lower'
2026-05-25 12:58:08,782 - INFO -logsconfig.py:45 - Changement d'etat : ACCES ACCEPTE ---> ERREUR
2026-05-25 12:58:26,554 - INFO -logsconfig.py:45 - Changement d'etat : ERREUR ---> IDLE
2026-05-25 13:00:18,979 - INFO -logsmtp.py:54 - API bien connecte
2026-05-25 13:00:21,649 - INFO -logsconfig.py:59 - Un courriel a été envoyé a info.lpleboeuf@gmail.com
2026-05-25 13:00:21,649 - INFO -logsconfig.py:45 - Changement d'etat : None ---> IDLE
2026-05-25 13:00:25,852 - INFO -logsconfig.py:26 - Un vehicule a ete detecte a l'entree du stationnement
2026-05-25 13:00:25,852 - INFO -logsconfig.py:45 - Changement d'etat : IDLE ---> ATTENTE ENTREE
2026-05-25 13:00:26,853 - INFO -logsconfig.py:45 - Changement d'etat : ATTENTE ENTREE ---> PAIEMENT ENTREE
2026-05-25 13:01:39,985 - INFO -logsconfig.py:45 - Changement d'etat : PAIEMENT ENTREE ---> ACCES ACCEPTE
2026-05-25 13:01:45,989 - INFO -logsconfig.py:29 - Un vehicule est entre dans le stationnement
2026-05-25 13:01:45,989 - INFO -logsconfig.py:30 - Nb de place restantes : 3 /5
2026-05-25 13:01:48,499 - INFO -logsconfig.py:59 - Un courriel a été envoyé a info.lpleboeuf@gmail.com
2026-05-25 13:01:50,472 - INFO -logsconfig.py:59 - Un courriel a été envoyé a info.lpleboeuf@gmail.com
2026-05-25 13:01:50,472 - INFO -logsconfig.py:45 - Changement d'etat : ACCES ACCEPTE ---> STATIONNEMENT
2026-05-25 13:03:02,501 - INFO -logsconfig.py:59 - Un courriel a été envoyé a info.lpleboeuf@gmail.com
2026-05-25 13:03:02,507 - INFO -logsconfig.py:45 - Changement d'etat : STATIONNEMENT ---> ATTENTE SORTIE
2026-05-25 13:03:04,219 - INFO -logsconfig.py:35 - Un vehicule est sorti du stationnement
2026-05-25 13:03:04,219 - INFO -logsconfig.py:36 - Nb de place restantes : 4 /5
2026-05-25 13:03:05,811 - INFO -logsconfig.py:59 - Un courriel a été envoyé a info.lpleboeuf@gmail.com
2026-05-25 13:03:05,811 - INFO -logsconfig.py:45 - Changement d'etat : ATTENTE SORTIE ---> IDLE
2026-05-25 13:04:39,809 - INFO -logsmtp.py:54 - API bien connecte
2026-05-25 13:04:41,496 - INFO -logsconfig.py:59 - Un courriel a été envoyé a info.lpleboeuf@gmail.com
2026-05-25 13:04:41,496 - INFO -logsconfig.py:45 - Changement d'etat : None ---> IDLE
2026-05-25 13:06:30,783 - INFO -logsconfig.py:26 - Un vehicule a ete detecte a l'entree du stationnement
2026-05-25 13:06:30,783 - INFO -logsconfig.py:45 - Changement d'etat : IDLE ---> ATTENTE ENTREE
2026-05-25 13:06:31,784 - INFO -logsconfig.py:45 - Changement d'etat : ATTENTE ENTREE ---> PAIEMENT ENTREE
2026-05-25 13:09:32,790 - INFO -logsconfig.py:45 - Changement d'etat : PAIEMENT ENTREE ---> ACCES ACCEPTE
2026-05-25 13:09:38,795 - INFO -logsconfig.py:29 - Un vehicule est entre dans le stationnement
2026-05-25 13:09:38,797 - INFO -logsconfig.py:30 - Nb de place restantes : 3 /5
2026-05-25 13:09:40,500 - INFO -logsconfig.py:59 - Un courriel a été envoyé a info.lpleboeuf@gmail.com
2026-05-25 13:09:42,454 - INFO -logsconfig.py:59 - Un courriel a été envoyé a info.lpleboeuf@gmail.com
2026-05-25 13:09:42,454 - INFO -logsconfig.py:45 - Changement d'etat : ACCES ACCEPTE ---> STATIONNEMENT
2026-05-25 13:09:48,281 - INFO -logsconfig.py:59 - Un courriel a été envoyé a info.lpleboeuf@gmail.com
2026-05-25 13:09:48,288 - INFO -logsconfig.py:45 - Changement d'etat : STATIONNEMENT ---> ATTENTE SORTIE
2026-05-25 13:09:53,990 - INFO -logsconfig.py:35 - Un vehicule est sorti du stationnement
2026-05-25 13:09:53,991 - INFO -logsconfig.py:36 - Nb de place restantes : 4 /5
2026-05-25 13:09:55,565 - INFO -logsconfig.py:59 - Un courriel a été envoyé a info.lpleboeuf@gmail.com
2026-05-25 13:09:55,566 - INFO -logsconfig.py:45 - Changement d'etat : ATTENTE SORTIE ---> IDLE
2026-05-25 13:25:18,367 - INFO -logsmtp.py:54 - API bien connecte
2026-05-25 13:25:19,952 - INFO -logsconfig.py:59 - Un courriel a été envoyé a info.lpleboeuf@gmail.com
2026-05-25 13:25:19,953 - INFO -logsconfig.py:45 - Changement d'etat : None ---> IDLE
2026-05-25 13:36:35,515 - INFO -logsmtp.py:54 - API bien connecte
2026-05-25 13:37:08,311 - INFO -logsmtp.py:54 - API bien connecte
2026-05-25 13:38:21,371 - INFO -logsmtp.py:54 - API bien connecte
2026-05-25 13:39:47,322 - INFO -logsmtp.py:54 - API bien connecte
2026-05-25 13:40:04,224 - INFO -logsmtp.py:54 - API bien connecte
2026-05-25 13:41:13,816 - INFO -logsmtp.py:54 - API bien connecte
2026-05-25 13:45:13,050 - INFO -logsmtp.py:54 - API bien connecte
2026-05-25 13:46:05,019 - INFO -logsmtp.py:54 - API bien connecte
2026-05-25 13:46:07,154 - INFO -logsconfig.py:59 - Un courriel a été envoyé a info.lpleboeuf@gmail.com
2026-05-25 13:46:07,155 - INFO -logsconfig.py:45 - Changement d'etat : None ---> IDLE
2026-05-25 13:46:15,367 - INFO -logsconfig.py:26 - Un vehicule a ete detecte a l'entree du stationnement
2026-05-25 13:46:15,368 - INFO -logsconfig.py:45 - Changement d'etat : IDLE ---> ATTENTE ENTREE
2026-05-25 13:46:16,370 - INFO -logsconfig.py:45 - Changement d'etat : ATTENTE ENTREE ---> PAIEMENT ENTREE
2026-05-25 13:46:24,327 - INFO -logsconfig.py:59 - Un courriel a été envoyé a info.lpleboeuf@gmail.com
2026-05-25 13:46:24,328 - INFO -logsconfig.py:45 - Changement d'etat : None ---> IDLE
2026-05-25 13:46:57,110 - INFO -logsmtp.py:54 - API bien connecte
2026-05-25 13:46:59,191 - INFO -logsconfig.py:59 - Un courriel a été envoyé a info.lpleboeuf@gmail.com
2026-05-25 13:46:59,192 - INFO -logsconfig.py:45 - Changement d'etat : None ---> IDLE
2026-05-25 13:47:54,993 - INFO -logsmtp.py:54 - API bien connecte
2026-05-25 13:47:56,861 - INFO -logsconfig.py:59 - Un courriel a été envoyé a info.lpleboeuf@gmail.com
2026-05-25 13:47:56,862 - INFO -logsconfig.py:45 - Changement d'etat : None ---> IDLE
2026-05-25 13:48:08,080 - INFO -logsconfig.py:26 - Un vehicule a ete detecte a l'entree du stationnement
2026-05-25 13:48:08,083 - INFO -logsconfig.py:45 - Changement d'etat : IDLE ---> ATTENTE ENTREE
2026-05-25 13:48:09,087 - INFO -logsconfig.py:45 - Changement d'etat : ATTENTE ENTREE ---> PAIEMENT ENTREE
2026-05-25 13:50:39,996 - INFO -logsconfig.py:45 - Changement d'etat : PAIEMENT ENTREE ---> ACCES ACCEPTE
2026-05-25 13:50:46,005 - INFO -logsconfig.py:29 - Un vehicule est entre dans le stationnement
2026-05-25 13:50:46,006 - INFO -logsconfig.py:30 - Nb de place restantes : 3 /5
2026-05-25 13:50:47,744 - INFO -logsconfig.py:59 - Un courriel a été envoyé a info.lpleboeuf@gmail.com
2026-05-25 13:50:49,526 - INFO -logsconfig.py:59 - Un courriel a été envoyé a info.lpleboeuf@gmail.com
2026-05-25 13:50:49,527 - INFO -logsconfig.py:45 - Changement d'etat : ACCES ACCEPTE ---> STATIONNEMENT
2026-05-25 13:51:06,993 - INFO -logsconfig.py:26 - Un vehicule a ete detecte a l'entree du stationnement
2026-05-25 13:51:07,082 - INFO -logsconfig.py:45 - Changement d'etat : STATIONNEMENT ---> ATTENTE ENTREE
2026-05-25 13:51:08,198 - INFO -logsconfig.py:45 - Changement d'etat : ATTENTE ENTREE ---> PAIEMENT ENTREE
2026-05-25 13:53:49,708 - INFO -logsconfig.py:59 - Un courriel a été envoyé a info.lpleboeuf@gmail.com
2026-05-25 13:53:49,713 - INFO -logsconfig.py:45 - Changement d'etat : None ---> IDLE
2026-05-25 14:23:58,819 - INFO -logsmtp.py:54 - API bien connecte
2026-05-25 14:24:00,411 - INFO -logsconfig.py:59 - Un courriel a été envoyé a info.lpleboeuf@gmail.com
2026-05-25 14:24:00,411 - INFO -logsconfig.py:45 - Changement d'etat : None ---> IDLE
2026-05-25 14:24:03,616 - INFO -logsconfig.py:26 - Un vehicule a ete detecte a l'entree du stationnement
2026-05-25 14:24:03,617 - INFO -logsconfig.py:45 - Changement d'etat : IDLE ---> ATTENTE ENTREE
2026-05-25 14:24:04,618 - INFO -logsconfig.py:45 - Changement d'etat : ATTENTE ENTREE ---> PAIEMENT ENTREE
2026-05-25 14:33:46,911 - INFO -logsconfig.py:50 - API bien connecte
2026-05-25 14:33:48,429 - INFO -logsconfig.py:59 - Un courriel a été envoyé a info.lpleboeuf@gmail.com
2026-05-25 14:33:48,429 - INFO -logsconfig.py:45 - Changement d'etat : None ---> IDLE
2026-05-25 14:33:51,635 - INFO -logsconfig.py:26 - Un vehicule a ete detecte a l'entree du stationnement
2026-05-25 14:33:51,635 - INFO -logsconfig.py:45 - Changement d'etat : IDLE ---> ATTENTE ENTREE
2026-05-25 14:33:52,649 - INFO -logsconfig.py:45 - Changement d'etat : ATTENTE ENTREE ---> PAIEMENT ENTREE
2026-05-25 14:34:19,081 - INFO -logsconfig.py:45 - Changement d'etat : PAIEMENT ENTREE ---> ACCES ACCEPTE
2026-05-25 14:34:25,092 - INFO -logsconfig.py:29 - Un vehicule est entre dans le stationnement
2026-05-25 14:34:25,092 - INFO -logsconfig.py:30 - Nb de place restantes : 2 /5
2026-05-25 14:34:26,670 - INFO -logsconfig.py:59 - Un courriel a été envoyé a info.lpleboeuf@gmail.com
2026-05-25 14:34:28,072 - INFO -logsconfig.py:59 - Un courriel a été envoyé a info.lpleboeuf@gmail.com
2026-05-25 14:34:28,073 - INFO -logsconfig.py:45 - Changement d'etat : ACCES ACCEPTE ---> STATIONNEMENT
2026-05-25 14:35:38,523 - INFO -logsconfig.py:59 - Un courriel a été envoyé a info.lpleboeuf@gmail.com
2026-05-25 14:40:02,398 - INFO -logsconfig.py:50 - API bien connecte
2026-05-25 14:40:03,852 - INFO -logsconfig.py:59 - Un courriel a été envoyé a info.lpleboeuf@gmail.com
2026-05-25 14:40:03,852 - INFO -logsconfig.py:45 - Changement d'etat : None ---> IDLE
2026-05-25 14:40:45,126 - INFO -logsconfig.py:26 - Un vehicule a ete detecte a l'entree du stationnement
2026-05-25 14:40:45,126 - INFO -logsconfig.py:45 - Changement d'etat : IDLE ---> ATTENTE ENTREE
2026-05-25 14:40:46,131 - INFO -logsconfig.py:45 - Changement d'etat : ATTENTE ENTREE ---> PAIEMENT ENTREE
2026-05-25 14:41:44,899 - INFO -logsconfig.py:45 - Changement d'etat : PAIEMENT ENTREE ---> ACCES ACCEPTE
2026-05-25 14:41:50,914 - INFO -logsconfig.py:29 - Un vehicule est entre dans le stationnement
2026-05-25 14:41:50,914 - INFO -logsconfig.py:30 - Nb de place restantes : 1 /5
2026-05-25 14:41:52,483 - INFO -logsconfig.py:59 - Un courriel a été envoyé a info.lpleboeuf@gmail.com
2026-05-25 14:41:53,975 - INFO -logsconfig.py:59 - Un courriel a été envoyé a info.lpleboeuf@gmail.com
2026-05-25 14:41:53,975 - INFO -logsconfig.py:45 - Changement d'etat : ACCES ACCEPTE ---> STATIONNEMENT
2026-05-25 14:42:03,004 - INFO -logsconfig.py:59 - Un courriel a été envoyé a info.lpleboeuf@gmail.com
2026-05-25 14:42:03,015 - INFO -logsconfig.py:45 - Changement d'etat : STATIONNEMENT ---> ATTENTE SORTIE
2026-05-25 14:42:08,729 - INFO -logsconfig.py:35 - Un vehicule est sorti du stationnement
2026-05-25 14:42:08,730 - INFO -logsconfig.py:36 - Nb de place restantes : 2 /5
2026-05-25 14:42:10,182 - INFO -logsconfig.py:59 - Un courriel a été envoyé a info.lpleboeuf@gmail.com
2026-05-25 14:42:10,182 - INFO -logsconfig.py:45 - Changement d'etat : ATTENTE SORTIE ---> IDLE
2026-05-25 14:42:52,749 - INFO -logsconfig.py:45 - Changement d'etat : IDLE ---> FERME
2026-05-25 14:43:01,723 - INFO -logsconfig.py:59 - Un courriel a été envoyé a info.lpleboeuf@gmail.com
2026-05-25 14:43:01,723 - INFO -logsconfig.py:45 - Changement d'etat : FERME ---> IDLE
2026-05-25 14:49:58,667 - ERROR -logsconfig.py:52 - Une erreur API est survenue:
HTTPSConnectionPool(host='api.oenweathermap.org', port=443): Max retries exceeded with url: /data/2.5/weather?q=Montreal&appid=??????&units=metric&lang=fr (Caused by NameResolutionError("<urllib3.connection.HTTPSConnection object at 0x7fff845fc2f0>: Failed to resolve 'api.oenweathermap.org' ([Errno -2] Name or service not known)"))
2026-05-25 14:51:21,607 - ERROR -ui_pygame.py:25 - Une erreur API est survenue:
HTTPSConnectionPool(host='api.oenweathermap.org', port=443): Max retries exceeded with url: /data/2.5/weather?q=Montreal&appid=??????&units=metric&lang=fr (Caused by NameResolutionError("<urllib3.connection.HTTPSConnection object at 0x7ffefedfc2f0>: Failed to resolve 'api.oenweathermap.org' ([Errno -2] Name or service not known)"))
2026-05-25 14:58:22,969 - INFO -logsconfig.py:50 - API bien connecte
2026-05-25 14:58:24,486 - INFO -logsconfig.py:59 - Un courriel a été envoyé a info.lpleboeuf@gmail.com
2026-05-25 14:58:24,486 - INFO -logsconfig.py:45 - Changement d'etat : None ---> IDLE
2026-05-25 15:16:22,447 - INFO -logsconfig.py:26 - Un vehicule a ete detecte a l'entree du stationnement
2026-05-25 15:16:22,448 - INFO -logsconfig.py:45 - Changement d'etat : IDLE ---> ATTENTE ENTREE
2026-05-25 15:16:23,450 - INFO -logsconfig.py:45 - Changement d'etat : ATTENTE ENTREE ---> PAIEMENT ENTREE
2026-05-25 15:17:25,963 - INFO -logsconfig.py:45 - Changement d'etat : PAIEMENT ENTREE ---> ACCES ACCEPTE
2026-05-25 15:17:31,974 - INFO -logsconfig.py:29 - Un vehicule est entre dans le stationnement
2026-05-25 15:17:31,974 - INFO -logsconfig.py:30 - Nb de place restantes : 1 /5
2026-05-25 15:17:34,674 - INFO -logsconfig.py:59 - Un courriel a été envoyé a info.lpleboeuf@gmail.com
2026-05-25 15:17:36,517 - INFO -logsconfig.py:59 - Un courriel a été envoyé a info.lpleboeuf@gmail.com
2026-05-25 15:17:36,517 - INFO -logsconfig.py:45 - Changement d'etat : ACCES ACCEPTE ---> STATIONNEMENT
2026-05-25 15:17:57,007 - INFO -logsconfig.py:26 - Un vehicule a ete detecte a l'entree du stationnement
2026-05-25 15:17:57,058 - INFO -logsconfig.py:45 - Changement d'etat : STATIONNEMENT ---> ATTENTE ENTREE
2026-05-25 15:17:58,099 - INFO -logsconfig.py:45 - Changement d'etat : ATTENTE ENTREE ---> PAIEMENT ENTREE
2026-05-25 15:18:17,112 - INFO -logsconfig.py:45 - Changement d'etat : PAIEMENT ENTREE ---> ACCES ACCEPTE
2026-05-25 15:18:23,210 - INFO -logsconfig.py:29 - Un vehicule est entre dans le stationnement
2026-05-25 15:18:23,216 - INFO -logsconfig.py:30 - Nb de place restantes : 0 /5
2026-05-25 15:18:24,999 - INFO -logsconfig.py:59 - Un courriel a été envoyé a info.lpleboeuf@gmail.com
2026-05-25 15:18:26,631 - INFO -logsconfig.py:59 - Un courriel a été envoyé a info.lpleboeuf@gmail.com
2026-05-25 15:18:26,636 - INFO -logsconfig.py:45 - Changement d'etat : ACCES ACCEPTE ---> STATIONNEMENT
2026-05-25 15:18:37,988 - INFO -logsconfig.py:26 - Un vehicule a ete detecte a l'entree du stationnement
2026-05-25 15:18:38,086 - INFO -logsconfig.py:45 - Changement d'etat : STATIONNEMENT ---> ATTENTE ENTREE
2026-05-25 15:18:44,646 - INFO -logsconfig.py:59 - Un courriel a été envoyé a info.lpleboeuf@gmail.com
2026-05-25 15:18:46,759 - INFO -logsconfig.py:59 - Un courriel a été envoyé a info.lpleboeuf@gmail.com
2026-05-25 15:18:48,427 - INFO -logsconfig.py:59 - Un courriel a été envoyé a info.lpleboeuf@gmail.com
2026-05-25 15:18:48,432 - INFO -logsconfig.py:45 - Changement d'etat : ATTENTE ENTREE ---> IDLE
2026-05-25 15:18:56,777 - INFO -logsconfig.py:26 - Un vehicule a ete detecte a l'entree du stationnement
2026-05-25 15:18:56,867 - INFO -logsconfig.py:45 - Changement d'etat : IDLE ---> ATTENTE ENTREE
2026-05-25 15:19:03,533 - INFO -logsconfig.py:59 - Un courriel a été envoyé a info.lpleboeuf@gmail.com
2026-05-25 15:19:06,093 - INFO -logsconfig.py:59 - Un courriel a été envoyé a info.lpleboeuf@gmail.com
2026-05-25 15:19:08,092 - INFO -logsconfig.py:59 - Un courriel a été envoyé a info.lpleboeuf@gmail.com
2026-05-25 15:19:08,092 - INFO -logsconfig.py:45 - Changement d'etat : ATTENTE ENTREE ---> IDLE
2026-05-25 15:19:26,231 - INFO -logsconfig.py:59 - Un courriel a été envoyé a info.lpleboeuf@gmail.com
2026-05-25 15:19:26,231 - INFO -logsconfig.py:45 - Changement d'etat : IDLE ---> ATTENTE SORTIE
2026-05-25 15:19:31,948 - INFO -logsconfig.py:35 - Un vehicule est sorti du stationnement
2026-05-25 15:19:31,948 - INFO -logsconfig.py:36 - Nb de place restantes : 1 /5
2026-05-25 15:19:33,563 - INFO -logsconfig.py:59 - Un courriel a été envoyé a info.lpleboeuf@gmail.com
2026-05-25 15:19:33,564 - INFO -logsconfig.py:45 - Changement d'etat : ATTENTE SORTIE ---> IDLE
2026-05-25 15:20:18,286 - INFO -logsconfig.py:59 - Un courriel a été envoyé a info.lpleboeuf@gmail.com
2026-05-25 15:20:18,286 - INFO -logsconfig.py:45 - Changement d'etat : IDLE ---> ATTENTE SORTIE
2026-05-25 15:20:23,796 - INFO -logsconfig.py:35 - Un vehicule est sorti du stationnement
2026-05-25 15:20:23,797 - INFO -logsconfig.py:36 - Nb de place restantes : 2 /5
2026-05-25 15:20:25,277 - INFO -logsconfig.py:59 - Un courriel a été envoyé a info.lpleboeuf@gmail.com
2026-05-25 15:20:25,277 - INFO -logsconfig.py:45 - Changement d'etat : ATTENTE SORTIE ---> IDLE
2026-05-25 15:20:33,011 - INFO -logsconfig.py:59 - Un courriel a été envoyé a info.lpleboeuf@gmail.com
2026-05-25 15:20:33,011 - INFO -logsconfig.py:45 - Changement d'etat : IDLE ---> ATTENTE SORTIE
2026-05-25 15:20:38,521 - INFO -logsconfig.py:35 - Un vehicule est sorti du stationnement
2026-05-25 15:20:38,521 - INFO -logsconfig.py:36 - Nb de place restantes : 3 /5
2026-05-25 15:20:40,132 - INFO -logsconfig.py:59 - Un courriel a été envoyé a info.lpleboeuf@gmail.com
2026-05-25 15:20:40,132 - INFO -logsconfig.py:45 - Changement d'etat : ATTENTE SORTIE ---> IDLE
2026-05-25 15:21:00,369 - INFO -logsconfig.py:45 - Changement d'etat : IDLE ---> ERREUR
2026-05-25 15:23:59,187 - ERROR -threading.py:994 - Une erreur est survenue:
invalid literal for int() with base 10: ''
2026-05-25 15:24:39,494 - INFO -logsconfig.py:26 - Un vehicule a ete detecte a l'entree du stationnement
2026-05-25 15:24:39,495 - INFO -logsconfig.py:45 - Changement d'etat : ERREUR ---> ATTENTE ENTREE
2026-05-25 15:24:40,496 - INFO -logsconfig.py:45 - Changement d'etat : ATTENTE ENTREE ---> PAIEMENT ENTREE
2026-05-25 15:24:41,296 - INFO -logsconfig.py:59 - Un courriel a été envoyé a info.lpleboeuf@gmail.com
2026-05-25 15:24:41,297 - INFO -logsconfig.py:45 - Changement d'etat : None ---> IDLE
2026-05-25 15:24:46,393 - INFO -logsconfig.py:50 - API bien connecte
2026-05-25 15:24:48,866 - INFO -logsconfig.py:59 - Un courriel a été envoyé a info.lpleboeuf@gmail.com
2026-05-25 15:24:48,867 - INFO -logsconfig.py:45 - Changement d'etat : None ---> IDLE
2026-05-25 15:24:55,075 - INFO -logsconfig.py:45 - Changement d'etat : IDLE ---> ERREUR
2026-05-25 15:25:37,725 - INFO -logsconfig.py:59 - Un courriel a été envoyé a info.lpleboeuf@gmail.com
2026-05-25 15:25:37,726 - INFO -logsconfig.py:45 - Changement d'etat : None ---> IDLE
2026-05-25 15:25:42,318 - INFO -logsconfig.py:50 - API bien connecte
2026-05-25 15:25:43,781 - INFO -logsconfig.py:59 - Un courriel a été envoyé a info.lpleboeuf@gmail.com
2026-05-25 15:25:43,781 - INFO -logsconfig.py:45 - Changement d'etat : None ---> IDLE
2026-05-25 15:25:55,002 - INFO -logsconfig.py:26 - Un vehicule a ete detecte a l'entree du stationnement
2026-05-25 15:25:55,006 - INFO -logsconfig.py:45 - Changement d'etat : IDLE ---> ATTENTE ENTREE
2026-05-25 15:25:56,008 - INFO -logsconfig.py:45 - Changement d'etat : ATTENTE ENTREE ---> PAIEMENT ENTREE
2026-05-25 15:26:44,006 - INFO -logsconfig.py:45 - Changement d'etat : PAIEMENT ENTREE ---> ACCES ACCEPTE
2026-05-25 15:26:50,015 - INFO -logsconfig.py:29 - Un vehicule est entre dans le stationnement
2026-05-25 15:26:50,018 - INFO -logsconfig.py:30 - Nb de place restantes : 2 /5
2026-05-25 15:26:51,516 - INFO -logsconfig.py:59 - Un courriel a été envoyé a info.lpleboeuf@gmail.com
2026-05-25 15:26:52,925 - INFO -logsconfig.py:59 - Un courriel a été envoyé a info.lpleboeuf@gmail.com
2026-05-25 15:26:52,926 - INFO -logsconfig.py:45 - Changement d'etat : ACCES ACCEPTE ---> STATIONNEMENT
2026-05-25 15:27:05,189 - INFO -logsconfig.py:59 - Un courriel a été envoyé a info.lpleboeuf@gmail.com
2026-05-25 15:27:05,194 - INFO -logsconfig.py:45 - Changement d'etat : STATIONNEMENT ---> IDLE
2026-05-25 15:27:11,850 - INFO -logsconfig.py:45 - Changement d'etat : IDLE ---> FERME
2026-05-25 15:27:33,347 - INFO -logsconfig.py:59 - Un courriel a été envoyé a info.lpleboeuf@gmail.com
2026-05-25 15:27:33,352 - INFO -logsconfig.py:45 - Changement d'etat : FERME ---> IDLE
2026-05-25 15:28:27,976 - INFO -logsconfig.py:59 - Un courriel a été envoyé a info.lpleboeuf@gmail.com
2026-05-25 15:28:27,988 - INFO -logsconfig.py:45 - Changement d'etat : IDLE ---> ATTENTE SORTIE
2026-05-25 15:28:33,705 - INFO -logsconfig.py:35 - Un vehicule est sorti du stationnement
2026-05-25 15:28:33,705 - INFO -logsconfig.py:36 - Nb de place restantes : 3 /5
2026-05-25 15:28:35,108 - INFO -logsconfig.py:59 - Un courriel a été envoyé a info.lpleboeuf@gmail.com
2026-05-25 15:28:35,109 - INFO -logsconfig.py:45 - Changement d'etat : ATTENTE SORTIE ---> IDLE
2026-05-25 15:28:40,712 - INFO -logsconfig.py:59 - Un courriel a été envoyé a info.lpleboeuf@gmail.com
2026-05-25 15:28:40,712 - INFO -logsconfig.py:45 - Changement d'etat : IDLE ---> ATTENTE SORTIE
2026-05-25 15:28:46,217 - INFO -logsconfig.py:35 - Un vehicule est sorti du stationnement
2026-05-25 15:28:46,217 - INFO -logsconfig.py:36 - Nb de place restantes : 4 /5
2026-05-25 15:28:47,661 - INFO -logsconfig.py:59 - Un courriel a été envoyé a info.lpleboeuf@gmail.com
2026-05-25 15:28:47,661 - INFO -logsconfig.py:45 - Changement d'etat : ATTENTE SORTIE ---> IDLE
2026-05-25 15:31:58,829 - ERROR -ui_pygame.py:25 - Une erreur API est survenue:
HTTPSConnectionPool(host='api.oenweathermap.org', port=443): Max retries exceeded with url: /data/2.5/weather?q=Montreal&appid=??????&units=metric&lang=fr (Caused by NameResolutionError("<urllib3.connection.HTTPSConnection object at 0x7fff6e52c2f0>: Failed to resolve 'api.oenweathermap.org' ([Errno -2] Name or service not known)"))
2026-05-25 15:35:45,536 - INFO -logsconfig.py:50 - API bien connecte
2026-05-25 15:35:47,124 - INFO -logsconfig.py:59 - Un courriel a été envoyé a info.lpleboeuf@gmail.com
2026-05-25 15:35:47,125 - INFO -logsconfig.py:45 - Changement d'etat : None ---> IDLE
2026-05-25 15:35:50,330 - INFO -logsconfig.py:45 - Changement d'etat : IDLE ---> ERREUR
2026-05-25 15:35:53,962 - INFO -logsconfig.py:59 - Un courriel a été envoyé a info.lpleboeuf@gmail.com
2026-05-25 15:35:53,962 - INFO -logsconfig.py:45 - Changement d'etat : ERREUR ---> IDLE
2026-05-25 15:36:16,190 - INFO -logsconfig.py:45 - Changement d'etat : IDLE ---> ERREUR
2026-05-25 15:36:23,797 - INFO -logsconfig.py:59 - Un courriel a été envoyé a info.lpleboeuf@gmail.com
2026-05-25 15:36:23,798 - INFO -logsconfig.py:45 - Changement d'etat : ERREUR ---> IDLE
2026-05-25 15:36:32,009 - INFO -logsconfig.py:26 - Un vehicule a ete detecte a l'entree du stationnement
2026-05-25 15:36:32,009 - INFO -logsconfig.py:45 - Changement d'etat : IDLE ---> ATTENTE ENTREE
2026-05-25 15:36:33,013 - INFO -logsconfig.py:45 - Changement d'etat : ATTENTE ENTREE ---> PAIEMENT ENTREE
2026-05-25 15:37:34,989 - INFO -logsconfig.py:50 - API bien connecte
2026-05-25 15:37:36,807 - INFO -logsconfig.py:59 - Un courriel a été envoyé a info.lpleboeuf@gmail.com
2026-05-25 15:37:36,807 - INFO -logsconfig.py:45 - Changement d'etat : None ---> IDLE
2026-05-25 15:37:40,614 - INFO -logsconfig.py:26 - Un vehicule a ete detecte a l'entree du stationnement
2026-05-25 15:37:40,614 - INFO -logsconfig.py:45 - Changement d'etat : IDLE ---> ATTENTE ENTREE
2026-05-25 15:37:41,215 - INFO -logsconfig.py:45 - Changement d'etat : ATTENTE ENTREE ---> PAIEMENT ENTREE
2026-05-25 15:37:54,203 - INFO -logsconfig.py:45 - Changement d'etat : PAIEMENT ENTREE ---> ACCES ACCEPTE
2026-05-25 15:37:59,814 - INFO -logsconfig.py:29 - Un vehicule est entre dans le stationnement
2026-05-25 15:37:59,815 - INFO -logsconfig.py:30 - Nb de place restantes : 3 /5
2026-05-25 15:38:01,603 - INFO -logsconfig.py:59 - Un courriel a été envoyé a info.lpleboeuf@gmail.com
2026-05-25 15:38:03,356 - INFO -logsconfig.py:59 - Un courriel a été envoyé a info.lpleboeuf@gmail.com
2026-05-25 15:38:03,356 - INFO -logsconfig.py:45 - Changement d'etat : ACCES ACCEPTE ---> STATIONNEMENT
2026-05-25 15:38:37,894 - INFO -logsconfig.py:45 - Changement d'etat : STATIONNEMENT ---> ERREUR
2026-05-25 15:38:40,936 - INFO -logsconfig.py:59 - Un courriel a été envoyé a info.lpleboeuf@gmail.com
2026-05-25 15:38:40,936 - INFO -logsconfig.py:45 - Changement d'etat : ERREUR ---> IDLE
2026-05-25 15:38:49,814 - INFO -logsconfig.py:59 - Un courriel a été envoyé a info.lpleboeuf@gmail.com
2026-05-25 15:38:49,814 - INFO -logsconfig.py:45 - Changement d'etat : None ---> IDLE
2026-05-25 15:44:34,619 - INFO -logsconfig.py:59 - Un courriel a été envoyé a info.lpleboeuf@gmail.com
2026-06-01 10:24:21,455 - INFO -logsconfig.py:50 - API bien connecte
2026-06-01 10:24:23,021 - INFO -logsconfig.py:59 - Un courriel a été envoyé a info.lpleboeuf@gmail.com
2026-06-01 10:24:23,021 - INFO -logsconfig.py:45 - Changement d'etat : None ---> IDLE
2026-06-01 10:24:41,849 - INFO -logsconfig.py:26 - Un vehicule a ete detecte a l'entree du stationnement
2026-06-01 10:24:41,849 - INFO -logsconfig.py:45 - Changement d'etat : IDLE ---> ATTENTE ENTREE
2026-06-01 10:24:42,450 - INFO -logsconfig.py:45 - Changement d'etat : ATTENTE ENTREE ---> PAIEMENT ENTREE
2026-06-01 10:28:08,973 - INFO -logsconfig.py:45 - Changement d'etat : PAIEMENT ENTREE ---> ACCES ACCEPTE
2026-06-01 10:28:14,579 - INFO -logsconfig.py:29 - Un vehicule est entre dans le stationnement
2026-06-01 10:28:14,580 - INFO -logsconfig.py:30 - Nb de place restantes : 2 /5
2026-06-01 10:28:15,914 - INFO -logsconfig.py:59 - Un courriel a été envoyé a info.lpleboeuf@gmail.com
2026-06-01 10:28:17,195 - INFO -logsconfig.py:59 - Un courriel a été envoyé a info.lpleboeuf@gmail.com
2026-06-01 10:28:17,196 - INFO -logsconfig.py:45 - Changement d'etat : ACCES ACCEPTE ---> STATIONNEMENT
2026-06-01 10:28:36,706 - INFO -logsconfig.py:59 - Un courriel a été envoyé a info.lpleboeuf@gmail.com
2026-06-01 10:28:36,718 - INFO -logsconfig.py:45 - Changement d'etat : STATIONNEMENT ---> ATTENTE SORTIE
2026-06-01 10:28:42,036 - INFO -logsconfig.py:35 - Un vehicule est sorti du stationnement
2026-06-01 10:28:42,036 - INFO -logsconfig.py:36 - Nb de place restantes : 3 /5
2026-06-01 10:28:43,303 - INFO -logsconfig.py:59 - Un courriel a été envoyé a info.lpleboeuf@gmail.com
2026-06-01 10:28:43,307 - INFO -logsconfig.py:45 - Changement d'etat : ATTENTE SORTIE ---> IDLE
2026-06-01 10:29:47,622 - INFO -logsconfig.py:45 - Changement d'etat : IDLE ---> ERREUR
2026-06-01 10:30:03,539 - INFO -logsconfig.py:59 - Un courriel a été envoyé a info.lpleboeuf@gmail.com
2026-06-01 10:30:03,540 - INFO -logsconfig.py:45 - Changement d'etat : ERREUR ---> IDLE
2026-06-01 10:30:10,051 - INFO -logsconfig.py:45 - Changement d'etat : IDLE ---> FERME
2026-06-01 10:30:20,255 - INFO -logsconfig.py:59 - Un courriel a été envoyé a info.lpleboeuf@gmail.com
2026-06-01 10:30:20,256 - INFO -logsconfig.py:45 - Changement d'etat : FERME ---> IDLE
2026-06-01 10:30:26,168 - INFO -logsconfig.py:45 - Changement d'etat : IDLE ---> FERME
2026-06-01 10:30:35,109 - INFO -logsconfig.py:59 - Un courriel a été envoyé a info.lpleboeuf@gmail.com
2026-06-01 10:30:35,109 - INFO -logsconfig.py:45 - Changement d'etat : FERME ---> IDLE
2026-06-01 10:35:51,732 - INFO -logsconfig.py:59 - Un courriel a été envoyé a info.lpleboeuf@gmail.com
2026-06-01 10:35:51,733 - INFO -logsconfig.py:45 - Changement d'etat : None ---> IDLE
2026-06-01 11:51:25,825 - INFO -logsconfig.py:50 - API bien connecte
2026-06-01 11:51:27,364 - INFO -logsconfig.py:59 - Un courriel a été envoyé a info.lpleboeuf@gmail.com
2026-06-01 11:51:27,365 - INFO -logsconfig.py:45 - Changement d'etat : None ---> IDLE
2026-06-01 11:51:31,669 - INFO -logsconfig.py:59 - Un courriel a été envoyé a info.lpleboeuf@gmail.com
2026-06-01 11:51:31,669 - INFO -logsconfig.py:45 - Changement d'etat : None ---> IDLE
2026-06-01 12:15:18,830 - INFO -logsconfig.py:50 - API bien connecte
2026-06-01 12:15:20,151 - INFO -logsconfig.py:59 - Un courriel a été envoyé a info.lpleboeuf@gmail.com
2026-06-01 12:15:20,152 - INFO -logsconfig.py:45 - Changement d'etat : None ---> IDLE
2026-06-01 12:15:26,858 - ERROR -utils.py:10 - Une erreur est survenue:
(250, b'2.0.0 OK  1780330526 41be03b00d2f7-c859391cbfbsm6709726a12.17 - gsmtp')
2026-06-01 12:15:26,859 - INFO -logsconfig.py:45 - Changement d'etat : None ---> IDLE
2026-06-01 12:17:23,219 - INFO -logsconfig.py:50 - API bien connecte
2026-06-01 12:17:24,559 - INFO -logsconfig.py:59 - Un courriel a été envoyé a info.lpleboeuf@gmail.com
2026-06-01 12:17:24,560 - INFO -logsconfig.py:45 - Changement d'etat : None ---> IDLE
2026-06-01 12:18:13,104 - INFO -logsconfig.py:59 - Un courriel a été envoyé a info.lpleboeuf@gmail.com
2026-06-01 12:18:13,105 - INFO -logsconfig.py:45 - Changement d'etat : None ---> IDLE
2026-06-01 14:35:31,714 - INFO -logsconfig.py:59 - Un courriel a été envoyé a info.lpleboeuf@gmail.com
2026-06-01 14:35:31,714 - INFO -logsconfig.py:45 - Changement d'etat : None ---> IDLE
2026-06-01 14:36:06,525 - INFO -logsconfig.py:59 - Un courriel a été envoyé a info.lpleboeuf@gmail.com
2026-06-01 14:36:06,526 - INFO -logsconfig.py:45 - Changement d'etat : None ---> IDLE
2026-06-01 14:36:22,663 - INFO -logsconfig.py:50 - API bien connecte
2026-06-01 14:36:24,099 - INFO -logsconfig.py:59 - Un courriel a été envoyé a info.lpleboeuf@gmail.com
2026-06-01 14:36:24,099 - INFO -logsconfig.py:45 - Changement d'etat : None ---> IDLE
2026-06-01 14:37:36,979 - INFO -logsconfig.py:59 - Un courriel a été envoyé a info.lpleboeuf@gmail.com
2026-06-01 14:37:36,979 - INFO -logsconfig.py:45 - Changement d'etat : None ---> IDLE
2026-06-01 14:40:52,013 - INFO -logsconfig.py:50 - API bien connecte
2026-06-01 14:40:53,610 - INFO -logsconfig.py:59 - Un courriel a été envoyé a info.lpleboeuf@gmail.com
2026-06-01 14:40:53,611 - INFO -logsconfig.py:45 - Changement d'etat : None ---> IDLE
2026-06-01 14:40:55,548 - INFO -logsconfig.py:59 - Un courriel a été envoyé a info.lpleboeuf@gmail.com
2026-06-01 14:40:55,549 - INFO -logsconfig.py:45 - Changement d'etat : None ---> IDLE
2026-06-01 15:15:35,413 - INFO -logsconfig.py:50 - API bien connecte
2026-06-01 15:15:37,821 - INFO -logsconfig.py:59 - Un courriel a été envoyé a info.lpleboeuf@gmail.com
2026-06-01 15:15:37,822 - INFO -logsconfig.py:45 - Changement d'etat : None ---> IDLE
2026-06-01 15:15:39,572 - INFO -logsconfig.py:59 - Un courriel a été envoyé a info.lpleboeuf@gmail.com
2026-06-01 15:15:39,573 - INFO -logsconfig.py:45 - Changement d'etat : None ---> IDLE
2026-06-01 15:42:17,497 - INFO -logsconfig.py:50 - API bien connecte
2026-06-01 15:42:18,942 - INFO -logsconfig.py:59 - Un courriel a été envoyé a info.lpleboeuf@gmail.com
2026-06-01 15:42:18,942 - INFO -logsconfig.py:45 - Changement d'etat : None ---> IDLE
2026-06-01 15:42:20,585 - INFO -logsconfig.py:59 - Un courriel a été envoyé a info.lpleboeuf@gmail.com
2026-06-01 15:42:20,585 - INFO -logsconfig.py:45 - Changement d'etat : None ---> IDLE
2026-06-02 21:47:43,375 - INFO -logsconfig.py:50 - API bien connecte
2026-06-02 21:47:45,810 - INFO -logsconfig.py:59 - Un courriel a été envoyé a info.lpleboeuf@gmail.com
2026-06-02 21:47:45,810 - INFO -logsconfig.py:45 - Changement d'etat : None ---> IDLE
2026-06-02 21:47:51,426 - INFO -logsconfig.py:26 - Un vehicule a ete detecte a l'entree du stationnement
2026-06-02 21:47:51,429 - INFO -logsconfig.py:45 - Changement d'etat : IDLE ---> ATTENTE ENTREE
2026-06-02 21:47:52,030 - INFO -logsconfig.py:45 - Changement d'etat : ATTENTE ENTREE ---> PAIEMENT ENTREE
2026-06-02 21:48:33,386 - INFO -logsconfig.py:59 - Un courriel a été envoyé a info.lpleboeuf@gmail.com
2026-06-02 21:48:33,386 - INFO -logsconfig.py:45 - Changement d'etat : None ---> IDLE
2026-06-02 21:48:41,754 - INFO -logsconfig.py:50 - API bien connecte
2026-06-02 21:48:43,900 - INFO -logsconfig.py:59 - Un courriel a été envoyé a info.lpleboeuf@gmail.com
2026-06-02 21:48:43,901 - INFO -logsconfig.py:45 - Changement d'etat : None ---> IDLE
2026-06-02 21:48:47,108 - INFO -logsconfig.py:26 - Un vehicule a ete detecte a l'entree du stationnement
2026-06-02 21:48:47,108 - INFO -logsconfig.py:45 - Changement d'etat : IDLE ---> ATTENTE ENTREE
2026-06-02 21:48:47,709 - INFO -logsconfig.py:45 - Changement d'etat : ATTENTE ENTREE ---> PAIEMENT ENTREE
2026-06-02 21:49:09,002 - INFO -logsconfig.py:45 - Changement d'etat : PAIEMENT ENTREE ---> ACCES ACCEPTE
2026-06-02 21:49:09,002 - ERROR -threading.py:994 - Une erreur est survenue:
name 'duree' is not defined
2026-06-02 21:49:09,002 - INFO -logsconfig.py:45 - Changement d'etat : ACCES ACCEPTE ---> ERREUR
2026-06-02 21:49:24,908 - INFO -logsconfig.py:59 - Un courriel a été envoyé a info.lpleboeuf@gmail.com
2026-06-02 21:49:24,908 - INFO -logsconfig.py:45 - Changement d'etat : ERREUR ---> IDLE
2026-06-02 21:49:33,529 - INFO -logsconfig.py:26 - Un vehicule a ete detecte a l'entree du stationnement
2026-06-02 21:49:33,530 - INFO -logsconfig.py:45 - Changement d'etat : IDLE ---> ATTENTE ENTREE
2026-06-02 21:49:34,131 - INFO -logsconfig.py:45 - Changement d'etat : ATTENTE ENTREE ---> PAIEMENT ENTREE
2026-06-02 21:50:07,200 - INFO -logsconfig.py:59 - Un courriel a été envoyé a info.lpleboeuf@gmail.com
2026-06-02 21:50:07,200 - INFO -logsconfig.py:45 - Changement d'etat : None ---> IDLE
2026-06-02 21:50:24,825 - INFO -logsconfig.py:50 - API bien connecte
2026-06-02 21:50:26,074 - INFO -logsconfig.py:59 - Un courriel a été envoyé a info.lpleboeuf@gmail.com
2026-06-02 21:50:26,074 - INFO -logsconfig.py:45 - Changement d'etat : None ---> IDLE
2026-06-02 21:50:28,075 - INFO -logsconfig.py:26 - Un vehicule a ete detecte a l'entree du stationnement
2026-06-02 21:50:28,076 - INFO -logsconfig.py:45 - Changement d'etat : IDLE ---> ATTENTE ENTREE
2026-06-02 21:50:28,679 - INFO -logsconfig.py:45 - Changement d'etat : ATTENTE ENTREE ---> PAIEMENT ENTREE
2026-06-02 21:51:04,314 - INFO -logsconfig.py:45 - Changement d'etat : PAIEMENT ENTREE ---> ACCES ACCEPTE
2026-06-02 21:51:09,931 - INFO -logsconfig.py:29 - Un vehicule est entre dans le stationnement
2026-06-02 21:51:09,931 - INFO -logsconfig.py:30 - Nb de place restantes : 2 /5
2026-06-02 21:51:12,282 - INFO -logsconfig.py:59 - Un courriel a été envoyé a info.lpleboeuf@gmail.com
2026-06-02 21:51:13,721 - INFO -logsconfig.py:59 - Un courriel a été envoyé a info.lpleboeuf@gmail.com
2026-06-02 21:51:13,721 - INFO -logsconfig.py:45 - Changement d'etat : ACCES ACCEPTE ---> STATIONNEMENT
2026-06-02 21:51:18,499 - INFO -logsconfig.py:59 - Un courriel a été envoyé a info.lpleboeuf@gmail.com
2026-06-02 21:51:18,510 - INFO -logsconfig.py:45 - Changement d'etat : STATIONNEMENT ---> ATTENTE SORTIE
2026-06-02 21:51:23,825 - INFO -logsconfig.py:35 - Un vehicule est sorti du stationnement
2026-06-02 21:51:23,825 - INFO -logsconfig.py:36 - Nb de place restantes : 3 /5
2026-06-02 21:51:25,017 - INFO -logsconfig.py:59 - Un courriel a été envoyé a info.lpleboeuf@gmail.com
2026-06-02 21:51:25,017 - INFO -logsconfig.py:45 - Changement d'etat : ATTENTE SORTIE ---> IDLE
2026-06-02 21:51:34,505 - INFO -logsconfig.py:59 - Un courriel a été envoyé a info.lpleboeuf@gmail.com
2026-06-02 21:51:34,506 - INFO -logsconfig.py:45 - Changement d'etat : None ---> IDLE
2026-06-02 22:30:26,233 - INFO -logsconfig.py:50 - API bien connecte
2026-06-02 22:30:28,487 - INFO -logsconfig.py:59 - Un courriel a été envoyé a info.lpleboeuf@gmail.com
2026-06-02 22:30:28,488 - INFO -logsconfig.py:45 - Changement d'etat : None ---> Etats.IDLE
2026-06-02 22:30:33,612 - INFO -logsconfig.py:59 - Un courriel a été envoyé a info.lpleboeuf@gmail.com
2026-06-02 22:30:33,612 - INFO -logsconfig.py:45 - Changement d'etat : None ---> Etats.IDLE
2026-06-02 23:08:32,568 - INFO -logsconfig.py:50 - API bien connecte
2026-06-02 23:08:34,814 - INFO -logsconfig.py:59 - Un courriel a été envoyé a info.lpleboeuf@gmail.com
2026-06-02 23:08:34,814 - INFO -logsconfig.py:45 - Changement d'etat : None ---> Etats.IDLE
2026-06-02 23:08:36,687 - INFO -logsconfig.py:59 - Un courriel a été envoyé a info.lpleboeuf@gmail.com
2026-06-02 23:08:36,687 - INFO -logsconfig.py:45 - Changement d'etat : None ---> Etats.IDLE
2026-06-02 23:19:52,551 - INFO -logsconfig.py:50 - API bien connecte
2026-06-02 23:19:53,759 - INFO -logsconfig.py:59 - Un courriel a été envoyé a info.lpleboeuf@gmail.com
2026-06-02 23:19:53,760 - INFO -logsconfig.py:45 - Changement d'etat : None ---> Etats.IDLE
2026-06-02 23:19:56,330 - INFO -logsconfig.py:59 - Un courriel a été envoyé a info.lpleboeuf@gmail.com
2026-06-02 23:19:56,331 - INFO -logsconfig.py:45 - Changement d'etat : None ---> Etats.IDLE
2026-06-02 23:36:44,120 - INFO -logsconfig.py:50 - API bien connecte
2026-06-02 23:36:45,576 - INFO -logsconfig.py:59 - Un courriel a été envoyé a info.lpleboeuf@gmail.com
2026-06-02 23:36:45,576 - INFO -logsconfig.py:45 - Changement d'etat : None ---> Etats.IDLE
2026-06-02 23:36:48,141 - INFO -logsconfig.py:59 - Un courriel a été envoyé a info.lpleboeuf@gmail.com
2026-06-02 23:36:48,141 - INFO -logsconfig.py:45 - Changement d'etat : None ---> Etats.IDLE
2026-06-02 23:39:56,866 - INFO -logsconfig.py:50 - API bien connecte
2026-06-02 23:39:59,176 - INFO -logsconfig.py:59 - Un courriel a été envoyé a info.lpleboeuf@gmail.com
2026-06-02 23:39:59,176 - INFO -logsconfig.py:45 - Changement d'etat : None ---> Etats.IDLE
2026-06-02 23:40:01,777 - ERROR -utils.py:10 - Une erreur est survenue:
(250, b'2.0.0 OK  1780458001 af79cd13be357-9158a3eea49sm123469485a.44 - gsmtp')
2026-06-02 23:40:01,778 - INFO -logsconfig.py:45 - Changement d'etat : None ---> Etats.IDLE
2026-06-03 08:31:58,201 - INFO -logsconfig.py:50 - API bien connecte
2026-06-03 08:32:00,036 - INFO -logsconfig.py:59 - Un courriel a été envoyé a info.lpleboeuf@gmail.com
2026-06-03 08:32:00,036 - INFO -logsconfig.py:45 - Changement d'etat : None ---> Etats.IDLE
2026-06-03 08:32:09,256 - INFO -logsconfig.py:26 - Un vehicule a ete detecte a l'entree du stationnement
2026-06-03 08:32:09,257 - INFO -logsconfig.py:45 - Changement d'etat : Etats.IDLE ---> Etats.ATTENTE_ENTREE
2026-06-03 08:32:09,857 - INFO -logsconfig.py:45 - Changement d'etat : Etats.ATTENTE_ENTREE ---> Etats.PAIEMENT_ENTREE
2026-06-03 08:33:30,141 - INFO -logsconfig.py:50 - API bien connecte
2026-06-03 08:33:31,707 - INFO -logsconfig.py:59 - Un courriel a été envoyé a info.lpleboeuf@gmail.com
2026-06-03 08:33:31,708 - INFO -logsconfig.py:45 - Changement d'etat : None ---> Etats.IDLE
2026-06-03 08:33:33,109 - INFO -logsconfig.py:26 - Un vehicule a ete detecte a l'entree du stationnement
2026-06-03 08:33:33,109 - INFO -logsconfig.py:45 - Changement d'etat : Etats.IDLE ---> Etats.ATTENTE_ENTREE
2026-06-03 08:33:33,710 - INFO -logsconfig.py:45 - Changement d'etat : Etats.ATTENTE_ENTREE ---> Etats.PAIEMENT_ENTREE
2026-06-03 08:54:46,640 - INFO -logsconfig.py:50 - API bien connecte
2026-06-03 08:54:48,240 - INFO -logsconfig.py:59 - Un courriel a été envoyé a info.lpleboeuf@gmail.com
2026-06-03 08:54:48,241 - INFO -logsconfig.py:45 - Changement d'etat : None ---> Etats.IDLE
2026-06-03 08:59:41,946 - INFO -logsconfig.py:50 - API bien connecte
2026-06-03 08:59:43,308 - INFO -logsconfig.py:59 - Un courriel a été envoyé a info.lpleboeuf@gmail.com
2026-06-03 08:59:43,308 - INFO -logsconfig.py:45 - Changement d'etat : None ---> Etats.IDLE
2026-06-03 08:59:45,910 - INFO -logsconfig.py:26 - Un vehicule a ete detecte a l'entree du stationnement
2026-06-03 08:59:45,910 - INFO -logsconfig.py:45 - Changement d'etat : Etats.IDLE ---> Etats.ATTENTE_ENTREE
2026-06-03 08:59:46,519 - INFO -logsconfig.py:45 - Changement d'etat : Etats.ATTENTE_ENTREE ---> Etats.PAIEMENT_ENTREE
2026-06-03 09:18:18,674 - INFO -logsconfig.py:50 - API bien connecte
2026-06-03 09:18:20,066 - INFO -logsconfig.py:59 - Un courriel a été envoyé a info.lpleboeuf@gmail.com
2026-06-03 09:18:20,066 - INFO -logsconfig.py:45 - Changement d'etat : None ---> Etats.IDLE
2026-06-03 09:18:24,282 - INFO -logsconfig.py:50 - API bien connecte
2026-06-03 09:18:27,693 - INFO -logsconfig.py:59 - Un courriel a été envoyé a info.lpleboeuf@gmail.com
2026-06-03 09:18:27,694 - INFO -logsconfig.py:45 - Changement d'etat : None ---> Etats.IDLE
2026-06-03 09:21:16,399 - INFO -logsconfig.py:50 - API bien connecte
2026-06-03 09:21:17,816 - INFO -logsconfig.py:59 - Un courriel a été envoyé a info.lpleboeuf@gmail.com
2026-06-03 09:21:17,816 - INFO -logsconfig.py:45 - Changement d'etat : None ---> Etats.IDLE
2026-06-03 09:21:20,118 - INFO -logsconfig.py:50 - API bien connecte
2026-06-03 09:29:46,836 - INFO -logsconfig.py:50 - API bien connecte
2026-06-03 09:29:48,517 - INFO -logsconfig.py:59 - Un courriel a été envoyé a info.lpleboeuf@gmail.com
2026-06-03 09:29:48,517 - INFO -logsconfig.py:45 - Changement d'etat : None ---> Etats.IDLE
2026-06-03 09:29:50,858 - INFO -logsconfig.py:50 - API bien connecte
2026-06-03 09:29:54,399 - INFO -logsconfig.py:59 - Un courriel a été envoyé a info.lpleboeuf@gmail.com
2026-06-03 09:29:54,399 - INFO -logsconfig.py:45 - Changement d'etat : None ---> Etats.IDLE
2026-06-03 09:35:43,478 - INFO -logsconfig.py:50 - API bien connecte
2026-06-03 09:35:44,877 - INFO -logsconfig.py:59 - Un courriel a été envoyé a info.lpleboeuf@gmail.com
2026-06-03 09:35:44,878 - INFO -logsconfig.py:45 - Changement d'etat : None ---> Etats.IDLE
2026-06-03 09:35:47,525 - INFO -logsconfig.py:59 - Un courriel a été envoyé a info.lpleboeuf@gmail.com
2026-06-03 09:35:47,526 - INFO -logsconfig.py:45 - Changement d'etat : None ---> Etats.IDLE
2026-06-03 09:40:10,776 - INFO -logsconfig.py:50 - API bien connecte
2026-06-03 09:40:12,427 - INFO -logsconfig.py:59 - Un courriel a été envoyé a info.lpleboeuf@gmail.com
2026-06-03 09:40:12,428 - INFO -logsconfig.py:45 - Changement d'etat : None ---> IDLE
2026-06-03 09:40:14,659 - INFO -logsconfig.py:59 - Un courriel a été envoyé a info.lpleboeuf@gmail.com
2026-06-03 09:40:14,659 - INFO -logsconfig.py:45 - Changement d'etat : None ---> IDLE
2026-06-03 09:42:11,310 - INFO -logsconfig.py:50 - API bien connecte
2026-06-03 09:42:12,660 - INFO -logsconfig.py:59 - Un courriel a été envoyé a info.lpleboeuf@gmail.com
2026-06-03 09:42:12,661 - INFO -logsconfig.py:45 - Changement d'etat : None ---> IDLE
2026-06-03 09:46:00,612 - INFO -logsconfig.py:59 - Un courriel a été envoyé a info.lpleboeuf@gmail.com
2026-06-03 09:46:00,613 - INFO -logsconfig.py:45 - Changement d'etat : None ---> IDLE
2026-06-03 09:50:36,656 - INFO -logsconfig.py:50 - API bien connecte
2026-06-03 09:50:37,972 - INFO -logsconfig.py:59 - Un courriel a été envoyé a info.lpleboeuf@gmail.com
2026-06-03 09:50:37,972 - INFO -logsconfig.py:45 - Changement d'etat : None ---> IDLE
2026-06-03 09:50:40,503 - INFO -logsconfig.py:59 - Un courriel a été envoyé a info.lpleboeuf@gmail.com
2026-06-03 09:50:40,504 - INFO -logsconfig.py:45 - Changement d'etat : None ---> IDLE
2026-06-03 09:55:46,070 - INFO -logsconfig.py:50 - API bien connecte
2026-06-03 09:55:47,427 - INFO -logsconfig.py:59 - Un courriel a été envoyé a info.lpleboeuf@gmail.com
2026-06-03 09:55:47,427 - INFO -logsconfig.py:45 - Changement d'etat : None ---> IDLE
2026-06-03 09:55:48,868 - INFO -logsconfig.py:59 - Un courriel a été envoyé a info.lpleboeuf@gmail.com
2026-06-03 09:55:48,868 - INFO -logsconfig.py:45 - Changement d'etat : None ---> IDLE
2026-06-03 10:00:50,262 - INFO -logsconfig.py:50 - API bien connecte
2026-06-03 10:04:57,514 - INFO -logsconfig.py:50 - API bien connecte
2026-06-03 10:04:59,507 - INFO -logsconfig.py:59 - Un courriel a été envoyé a info.lpleboeuf@gmail.com
2026-06-03 10:04:59,508 - INFO -logsconfig.py:45 - Changement d'etat : None ---> IDLE
2026-06-03 10:04:59,788 - INFO -logsconfig.py:59 - Un courriel a été envoyé a info.lpleboeuf@gmail.com
2026-06-03 10:04:59,789 - INFO -logsconfig.py:45 - Changement d'etat : None ---> IDLE
2026-06-03 10:05:07,523 - INFO -logsconfig.py:50 - API bien connecte
2026-06-03 10:05:09,114 - INFO -logsconfig.py:59 - Un courriel a été envoyé a info.lpleboeuf@gmail.com
2026-06-03 10:05:09,114 - INFO -logsconfig.py:45 - Changement d'etat : None ---> IDLE
2026-06-03 10:05:23,147 - INFO -logsconfig.py:59 - Un courriel a été envoyé a info.lpleboeuf@gmail.com
2026-06-03 10:05:23,147 - INFO -logsconfig.py:45 - Changement d'etat : None ---> IDLE
2026-06-03 10:15:23,678 - INFO -logsconfig.py:50 - API bien connecte
2026-06-03 10:15:24,996 - INFO -logsconfig.py:59 - Un courriel a été envoyé a info.lpleboeuf@gmail.com
2026-06-03 10:15:24,996 - INFO -logsconfig.py:45 - Changement d'etat : None ---> IDLE
2026-06-03 10:15:27,622 - INFO -logsconfig.py:59 - Un courriel a été envoyé a info.lpleboeuf@gmail.com
2026-06-03 10:15:27,623 - INFO -logsconfig.py:45 - Changement d'etat : None ---> IDLE
2026-06-03 10:17:14,255 - INFO -logsconfig.py:50 - API bien connecte
2026-06-03 10:17:15,596 - INFO -logsconfig.py:59 - Un courriel a été envoyé a info.lpleboeuf@gmail.com
2026-06-03 10:17:15,597 - INFO -logsconfig.py:45 - Changement d'etat : None ---> IDLE
2026-06-03 10:17:19,385 - INFO -logsconfig.py:59 - Un courriel a été envoyé a info.lpleboeuf@gmail.com
2026-06-03 10:17:19,385 - INFO -logsconfig.py:45 - Changement d'etat : None ---> IDLE
2026-06-03 10:18:49,493 - INFO -logsconfig.py:50 - API bien connecte
2026-06-03 10:18:50,781 - INFO -logsconfig.py:59 - Un courriel a été envoyé a info.lpleboeuf@gmail.com
2026-06-03 10:18:50,783 - INFO -logsconfig.py:45 - Changement d'etat : None ---> IDLE
2026-06-03 10:18:54,236 - INFO -logsconfig.py:59 - Un courriel a été envoyé a info.lpleboeuf@gmail.com
2026-06-03 10:18:54,236 - INFO -logsconfig.py:45 - Changement d'etat : None ---> IDLE
2026-06-03 10:18:54,992 - ERROR -threading.py:994 - Une erreur est survenue:
LED is closed or uninitialized
2026-06-03 10:23:30,474 - INFO -logsconfig.py:50 - API bien connecte
2026-06-03 10:23:31,752 - INFO -logsconfig.py:59 - Un courriel a été envoyé a info.lpleboeuf@gmail.com
2026-06-03 10:23:31,753 - INFO -logsconfig.py:45 - Changement d'etat : None ---> IDLE
2026-06-03 10:23:35,687 - INFO -logsconfig.py:59 - Un courriel a été envoyé a info.lpleboeuf@gmail.com
2026-06-03 10:23:35,687 - INFO -logsconfig.py:45 - Changement d'etat : None ---> IDLE
2026-06-03 10:25:24,990 - INFO -logsconfig.py:50 - API bien connecte
2026-06-03 10:25:26,387 - INFO -logsconfig.py:59 - Un courriel a été envoyé a info.lpleboeuf@gmail.com
2026-06-03 10:25:26,391 - INFO -logsconfig.py:45 - Changement d'etat : None ---> IDLE
2026-06-03 10:25:29,635 - INFO -logsconfig.py:59 - Un courriel a été envoyé a info.lpleboeuf@gmail.com
2026-06-03 10:25:29,635 - INFO -logsconfig.py:45 - Changement d'etat : None ---> IDLE
2026-06-03 11:02:08,425 - INFO -logsconfig.py:50 - API bien connecte
2026-06-03 11:02:10,244 - INFO -logsconfig.py:59 - Un courriel a été envoyé a info.lpleboeuf@gmail.com
2026-06-03 11:02:10,246 - INFO -logsconfig.py:45 - Changement d'etat : None ---> IDLE
2026-06-03 11:02:15,920 - ERROR -state_controller.py:12 - Une erreur est survenue:
(250, b'2.0.0 OK  1780498935 d75a77b69052e-51775e27cc7sm25314371cf.29 - gsmtp')
2026-06-03 11:02:15,928 - INFO -logsconfig.py:45 - Changement d'etat : None ---> IDLE
2026-06-03 11:46:53,300 - INFO -logsconfig.py:50 - API bien connecte
2026-06-03 11:46:54,938 - INFO -logsconfig.py:59 - Un courriel a été envoyé a info.lpleboeuf@gmail.com
2026-06-03 11:46:54,938 - INFO -logsconfig.py:45 - Changement d'etat : None ---> IDLE
2026-06-03 11:46:58,436 - INFO -logsconfig.py:59 - Un courriel a été envoyé a info.lpleboeuf@gmail.com
2026-06-03 11:46:58,437 - INFO -logsconfig.py:45 - Changement d'etat : None ---> IDLE
2026-06-03 11:52:38,536 - INFO -logger_manager.py:50 - API bien connecte
2026-06-03 11:52:39,897 - INFO -logger_manager.py:59 - Un courriel a été envoyé a info.lpleboeuf@gmail.com
2026-06-03 11:52:39,897 - INFO -logger_manager.py:45 - Changement d'etat : None ---> IDLE
2026-06-03 11:52:42,717 - INFO -logger_manager.py:59 - Un courriel a été envoyé a info.lpleboeuf@gmail.com
2026-06-03 11:52:42,717 - INFO -logger_manager.py:45 - Changement d'etat : None ---> IDLE
2026-06-03 12:17:29,825 - INFO -logger_manager.py:50 - API bien connecte
2026-06-03 12:17:31,560 - INFO -logger_manager.py:59 - Un courriel a été envoyé a info.lpleboeuf@gmail.com
2026-06-03 12:17:31,560 - INFO -logger_manager.py:45 - Changement d'etat : None ---> IDLE
2026-06-03 12:17:44,401 - INFO -logger_manager.py:26 - Un vehicule a ete detecte a l'entree du stationnement
2026-06-03 12:17:44,402 - INFO -logger_manager.py:45 - Changement d'etat : IDLE ---> ATTENTE ENTREE
2026-06-03 12:17:45,002 - INFO -logger_manager.py:45 - Changement d'etat : ATTENTE ENTREE ---> PAIEMENT ENTREE
2026-06-03 12:19:01,419 - INFO -logger_manager.py:45 - Changement d'etat : PAIEMENT ENTREE ---> ACCES ACCEPTE
2026-06-03 12:19:07,022 - INFO -logger_manager.py:29 - Un vehicule est entre dans le stationnement
2026-06-03 12:19:07,022 - INFO -logger_manager.py:30 - Nb de place restantes : 2 /5
2026-06-03 12:19:08,391 - INFO -logger_manager.py:59 - Un courriel a été envoyé a info.lpleboeuf@gmail.com
2026-06-03 12:19:09,849 - INFO -logger_manager.py:59 - Un courriel a été envoyé a info.lpleboeuf@gmail.com
2026-06-03 12:19:09,849 - INFO -logger_manager.py:45 - Changement d'etat : ACCES ACCEPTE ---> STATIONNEMENT
2026-06-03 12:19:50,165 - INFO -logger_manager.py:59 - Un courriel a été envoyé a info.lpleboeuf@gmail.com
2026-06-03 12:19:50,170 - INFO -logger_manager.py:45 - Changement d'etat : STATIONNEMENT ---> ATTENTE SORTIE
2026-06-03 12:19:55,478 - INFO -logger_manager.py:35 - Un vehicule est sorti du stationnement
2026-06-03 12:19:55,478 - INFO -logger_manager.py:36 - Nb de place restantes : 3 /5
2026-06-03 12:19:56,722 - INFO -logger_manager.py:59 - Un courriel a été envoyé a info.lpleboeuf@gmail.com
2026-06-03 12:19:56,722 - INFO -logger_manager.py:45 - Changement d'etat : ATTENTE SORTIE ---> IDLE
2026-06-03 12:20:31,602 - INFO -logger_manager.py:45 - Changement d'etat : IDLE ---> ERREUR
2026-06-03 12:20:39,782 - INFO -logger_manager.py:59 - Un courriel a été envoyé a info.lpleboeuf@gmail.com
2026-06-03 12:20:39,782 - INFO -logger_manager.py:45 - Changement d'etat : ERREUR ---> IDLE
2026-06-03 12:43:08,762 - INFO -logger_manager.py:59 - Un courriel a été envoyé a info.lpleboeuf@gmail.com
2026-06-03 12:43:08,771 - INFO -logger_manager.py:45 - Changement d'etat : IDLE ---> ATTENTE SORTIE
2026-06-03 12:43:13,880 - INFO -logger_manager.py:35 - Un vehicule est sorti du stationnement
2026-06-03 12:43:13,881 - INFO -logger_manager.py:36 - Nb de place restantes : 4 /5
2026-06-03 12:43:15,221 - INFO -logger_manager.py:59 - Un courriel a été envoyé a info.lpleboeuf@gmail.com
2026-06-03 12:43:15,222 - INFO -logger_manager.py:45 - Changement d'etat : ATTENTE SORTIE ---> IDLE
2026-06-03 12:54:42,776 - INFO -logger_manager.py:59 - Un courriel a été envoyé a info.lpleboeuf@gmail.com
2026-06-03 12:54:42,777 - INFO -logger_manager.py:45 - Changement d'etat : None ---> IDLE
2026-06-03 14:42:52,690 - INFO -logger_manager.py:50 - API bien connecte
2026-06-03 14:44:39,682 - INFO -logger_manager.py:50 - API bien connecte
2026-06-03 14:48:32,319 - INFO -logger_manager.py:50 - API bien connecte
2026-06-03 14:48:33,636 - INFO -logger_manager.py:59 - Un courriel a été envoyé a info.lpleboeuf@gmail.com
2026-06-03 14:48:33,637 - INFO -logger_manager.py:45 - Changement d'etat : None ---> IDLE
2026-06-03 14:48:39,030 - INFO -logger_manager.py:59 - Un courriel a été envoyé a info.lpleboeuf@gmail.com
2026-06-03 14:48:39,031 - INFO -logger_manager.py:45 - Changement d'etat : None ---> IDLE
2026-06-03 14:52:59,364 - INFO -logger_manager.py:50 - API bien connecte
2026-06-03 14:53:00,680 - INFO -logger_manager.py:59 - Un courriel a été envoyé a info.lpleboeuf@gmail.com
2026-06-03 14:53:00,680 - INFO -logger_manager.py:45 - Changement d'etat : None ---> IDLE
2026-06-03 14:53:34,169 - INFO -logger_manager.py:59 - Un courriel a été envoyé a info.lpleboeuf@gmail.com
2026-06-03 14:53:34,169 - INFO -logger_manager.py:45 - Changement d'etat : None ---> IDLE
2026-06-03 14:55:25,962 - INFO -logger_manager.py:50 - API bien connecte
2026-06-03 14:55:27,343 - INFO -logger_manager.py:59 - Un courriel a été envoyé a info.lpleboeuf@gmail.com
2026-06-03 14:55:27,344 - INFO -logger_manager.py:45 - Changement d'etat : None ---> IDLE
2026-06-03 14:55:31,158 - INFO -logger_manager.py:26 - Un vehicule a ete detecte a l'entree du stationnement
2026-06-03 14:55:31,158 - INFO -logger_manager.py:45 - Changement d'etat : IDLE ---> ATTENTE ENTREE
2026-06-03 14:55:31,759 - INFO -logger_manager.py:45 - Changement d'etat : ATTENTE ENTREE ---> PAIEMENT ENTREE
2026-06-03 14:55:58,308 - INFO -logger_manager.py:45 - Changement d'etat : PAIEMENT ENTREE ---> ACCES ACCEPTE
2026-06-03 14:56:03,912 - INFO -logger_manager.py:29 - Un vehicule est entre dans le stationnement
2026-06-03 14:56:03,912 - INFO -logger_manager.py:30 - Nb de place restantes : 3 /5
2026-06-03 14:56:05,380 - INFO -logger_manager.py:59 - Un courriel a été envoyé a info.lpleboeuf@gmail.com
2026-06-03 14:56:06,834 - INFO -logger_manager.py:59 - Un courriel a été envoyé a info.lpleboeuf@gmail.com
2026-06-03 14:56:06,834 - INFO -logger_manager.py:45 - Changement d'etat : ACCES ACCEPTE ---> STATIONNEMENT
2026-06-03 14:56:24,105 - INFO -logger_manager.py:59 - Un courriel a été envoyé a info.lpleboeuf@gmail.com
2026-06-03 14:56:24,105 - INFO -logger_manager.py:45 - Changement d'etat : None ---> IDLE
2026-06-03 14:58:04,134 - INFO -logger_manager.py:50 - API bien connecte
2026-06-03 15:17:04,578 - INFO -logger_manager.py:50 - API bien connecte
2026-06-03 15:17:06,063 - INFO -logger_manager.py:59 - Un courriel a été envoyé a info.lpleboeuf@gmail.com
2026-06-03 15:17:06,063 - INFO -logger_manager.py:45 - Changement d'etat : None ---> IDLE
2026-06-03 15:17:11,676 - INFO -logger_manager.py:26 - Un vehicule a ete detecte a l'entree du stationnement
2026-06-03 15:17:11,676 - INFO -logger_manager.py:45 - Changement d'etat : IDLE ---> ATTENTE ENTREE
2026-06-03 15:17:12,278 - INFO -logger_manager.py:45 - Changement d'etat : ATTENTE ENTREE ---> PAIEMENT ENTREE
2026-06-03 15:17:40,243 - INFO -logger_manager.py:45 - Changement d'etat : PAIEMENT ENTREE ---> IDLE
2026-06-03 15:17:47,965 - INFO -logger_manager.py:59 - Un courriel a été envoyé a info.lpleboeuf@gmail.com
2026-06-03 15:17:47,965 - INFO -logger_manager.py:45 - Changement d'etat : None ---> IDLE
2026-06-03 15:23:07,162 - INFO -logger_manager.py:50 - API bien connecte
2026-06-03 15:23:08,510 - INFO -logger_manager.py:59 - Un courriel a été envoyé a info.lpleboeuf@gmail.com
2026-06-03 15:23:08,511 - INFO -logger_manager.py:45 - Changement d'etat : None ---> IDLE
2026-06-03 15:23:21,966 - INFO -logger_manager.py:26 - Un vehicule a ete detecte a l'entree du stationnement
2026-06-03 15:23:21,979 - INFO -logger_manager.py:45 - Changement d'etat : IDLE ---> ATTENTE ENTREE
2026-06-03 15:23:22,589 - INFO -logger_manager.py:45 - Changement d'etat : ATTENTE ENTREE ---> PAIEMENT ENTREE
2026-06-03 15:23:30,474 - INFO -logger_manager.py:59 - Un courriel a été envoyé a info.lpleboeuf@gmail.com
2026-06-03 15:23:30,474 - INFO -logger_manager.py:45 - Changement d'etat : PAIEMENT ENTREE ---> IDLE
2026-06-03 15:23:42,957 - INFO -logger_manager.py:59 - Un courriel a été envoyé a info.lpleboeuf@gmail.com
2026-06-03 15:23:42,957 - INFO -logger_manager.py:45 - Changement d'etat : None ---> IDLE
2026-06-03 15:42:37,304 - INFO -logger_manager.py:50 - API bien connecte
2026-06-03 15:42:38,787 - INFO -logger_manager.py:59 - Un courriel a été envoyé a info.lpleboeuf@gmail.com 
2026-06-03 15:42:38,787 - INFO -logger_manager.py:45 - Changement d'etat : None ---> IDLE
2026-06-03 15:43:03,043 - INFO -logger_manager.py:50 - API bien connecte
2026-06-03 15:43:04,498 - INFO -logger_manager.py:59 - Un courriel a été envoyé a info.lpleboeuf@gmail.com 
2026-06-03 15:43:04,498 - INFO -logger_manager.py:45 - Changement d'etat : None ---> IDLE
2026-06-03 15:43:16,174 - INFO -logger_manager.py:59 - Un courriel a été envoyé a info.lpleboeuf@gmail.com 
2026-06-03 15:43:16,175 - INFO -logger_manager.py:45 - Changement d'etat : None ---> IDLE
